2024-05-22T07:41:59.932+01:00  WARN 14540 --- [aula-virtual] [HikariPool-1 housekeeper] com.zaxxer.hikari.pool.HikariPool        : HikariPool-1 - Thread starvation or clock leap detected (housekeeper delta=8h31m40s494ms952µs).
2024-05-22T08:06:04.737+01:00 TRACE 14540 --- [aula-virtual] [http-nio-8085-exec-9] o.s.security.web.FilterChainProxy        : Trying to match request against DefaultSecurityFilterChain [RequestMatcher=any request, Filters=[org.springframework.security.web.session.DisableEncodeUrlFilter@2d4777fd, org.springframework.security.web.context.request.async.WebAsyncManagerIntegrationFilter@5439061, org.springframework.security.web.context.SecurityContextHolderFilter@2389199b, org.springframework.security.web.header.HeaderWriterFilter@437e1b18, org.springframework.security.web.authentication.logout.LogoutFilter@4c215148, org.springframework.security.oauth2.server.resource.web.authentication.BearerTokenAuthenticationFilter@7d7e8f9b, org.springframework.security.web.savedrequest.RequestCacheAwareFilter@5083760c, org.springframework.security.web.servletapi.SecurityContextHolderAwareRequestFilter@2a010068, org.springframework.security.web.authentication.AnonymousAuthenticationFilter@1003bb8a, org.springframework.security.web.session.SessionManagementFilter@17425d9b, org.springframework.security.web.access.ExceptionTranslationFilter@70faef7, org.springframework.security.web.access.intercept.AuthorizationFilter@2debd2db]] (1/1)
2024-05-22T08:06:04.737+01:00 TRACE 14540 --- [aula-virtual] [http-nio-8085-exec-1] o.s.security.web.FilterChainProxy        : Trying to match request against DefaultSecurityFilterChain [RequestMatcher=any request, Filters=[org.springframework.security.web.session.DisableEncodeUrlFilter@2d4777fd, org.springframework.security.web.context.request.async.WebAsyncManagerIntegrationFilter@5439061, org.springframework.security.web.context.SecurityContextHolderFilter@2389199b, org.springframework.security.web.header.HeaderWriterFilter@437e1b18, org.springframework.security.web.authentication.logout.LogoutFilter@4c215148, org.springframework.security.oauth2.server.resource.web.authentication.BearerTokenAuthenticationFilter@7d7e8f9b, org.springframework.security.web.savedrequest.RequestCacheAwareFilter@5083760c, org.springframework.security.web.servletapi.SecurityContextHolderAwareRequestFilter@2a010068, org.springframework.security.web.authentication.AnonymousAuthenticationFilter@1003bb8a, org.springframework.security.web.session.SessionManagementFilter@17425d9b, org.springframework.security.web.access.ExceptionTranslationFilter@70faef7, org.springframework.security.web.access.intercept.AuthorizationFilter@2debd2db]] (1/1)
2024-05-22T08:06:04.737+01:00 TRACE 14540 --- [aula-virtual] [http-nio-8085-exec-6] o.s.security.web.FilterChainProxy        : Trying to match request against DefaultSecurityFilterChain [RequestMatcher=any request, Filters=[org.springframework.security.web.session.DisableEncodeUrlFilter@2d4777fd, org.springframework.security.web.context.request.async.WebAsyncManagerIntegrationFilter@5439061, org.springframework.security.web.context.SecurityContextHolderFilter@2389199b, org.springframework.security.web.header.HeaderWriterFilter@437e1b18, org.springframework.security.web.authentication.logout.LogoutFilter@4c215148, org.springframework.security.oauth2.server.resource.web.authentication.BearerTokenAuthenticationFilter@7d7e8f9b, org.springframework.security.web.savedrequest.RequestCacheAwareFilter@5083760c, org.springframework.security.web.servletapi.SecurityContextHolderAwareRequestFilter@2a010068, org.springframework.security.web.authentication.AnonymousAuthenticationFilter@1003bb8a, org.springframework.security.web.session.SessionManagementFilter@17425d9b, org.springframework.security.web.access.ExceptionTranslationFilter@70faef7, org.springframework.security.web.access.intercept.AuthorizationFilter@2debd2db]] (1/1)
2024-05-22T08:06:04.807+01:00 DEBUG 14540 --- [aula-virtual] [http-nio-8085-exec-6] o.s.security.web.FilterChainProxy        : Securing GET /api/v1/users/file/undefined
2024-05-22T08:06:04.807+01:00 DEBUG 14540 --- [aula-virtual] [http-nio-8085-exec-9] o.s.security.web.FilterChainProxy        : Securing GET /api/v1/courses/pages?page=0
2024-05-22T08:06:04.807+01:00 DEBUG 14540 --- [aula-virtual] [http-nio-8085-exec-1] o.s.security.web.FilterChainProxy        : Securing GET /api/v1/courses/pages?page=0
2024-05-22T08:06:04.808+01:00 TRACE 14540 --- [aula-virtual] [http-nio-8085-exec-1] o.s.security.web.FilterChainProxy        : Invoking DisableEncodeUrlFilter (1/12)
2024-05-22T08:06:04.808+01:00 TRACE 14540 --- [aula-virtual] [http-nio-8085-exec-6] o.s.security.web.FilterChainProxy        : Invoking DisableEncodeUrlFilter (1/12)
2024-05-22T08:06:04.808+01:00 TRACE 14540 --- [aula-virtual] [http-nio-8085-exec-9] o.s.security.web.FilterChainProxy        : Invoking DisableEncodeUrlFilter (1/12)
2024-05-22T08:06:04.810+01:00 TRACE 14540 --- [aula-virtual] [http-nio-8085-exec-6] o.s.security.web.FilterChainProxy        : Invoking WebAsyncManagerIntegrationFilter (2/12)
2024-05-22T08:06:04.810+01:00 TRACE 14540 --- [aula-virtual] [http-nio-8085-exec-9] o.s.security.web.FilterChainProxy        : Invoking WebAsyncManagerIntegrationFilter (2/12)
2024-05-22T08:06:04.810+01:00 TRACE 14540 --- [aula-virtual] [http-nio-8085-exec-1] o.s.security.web.FilterChainProxy        : Invoking WebAsyncManagerIntegrationFilter (2/12)
2024-05-22T08:06:04.811+01:00 TRACE 14540 --- [aula-virtual] [http-nio-8085-exec-1] o.s.security.web.FilterChainProxy        : Invoking SecurityContextHolderFilter (3/12)
2024-05-22T08:06:04.811+01:00 TRACE 14540 --- [aula-virtual] [http-nio-8085-exec-9] o.s.security.web.FilterChainProxy        : Invoking SecurityContextHolderFilter (3/12)
2024-05-22T08:06:04.811+01:00 TRACE 14540 --- [aula-virtual] [http-nio-8085-exec-6] o.s.security.web.FilterChainProxy        : Invoking SecurityContextHolderFilter (3/12)
2024-05-22T08:06:04.815+01:00 TRACE 14540 --- [aula-virtual] [http-nio-8085-exec-9] o.s.security.web.FilterChainProxy        : Invoking HeaderWriterFilter (4/12)
2024-05-22T08:06:04.815+01:00 TRACE 14540 --- [aula-virtual] [http-nio-8085-exec-6] o.s.security.web.FilterChainProxy        : Invoking HeaderWriterFilter (4/12)
2024-05-22T08:06:04.815+01:00 TRACE 14540 --- [aula-virtual] [http-nio-8085-exec-1] o.s.security.web.FilterChainProxy        : Invoking HeaderWriterFilter (4/12)
2024-05-22T08:06:04.816+01:00 TRACE 14540 --- [aula-virtual] [http-nio-8085-exec-9] o.s.security.web.FilterChainProxy        : Invoking LogoutFilter (5/12)
2024-05-22T08:06:04.816+01:00 TRACE 14540 --- [aula-virtual] [http-nio-8085-exec-6] o.s.security.web.FilterChainProxy        : Invoking LogoutFilter (5/12)
2024-05-22T08:06:04.816+01:00 TRACE 14540 --- [aula-virtual] [http-nio-8085-exec-1] o.s.security.web.FilterChainProxy        : Invoking LogoutFilter (5/12)
2024-05-22T08:06:04.819+01:00 TRACE 14540 --- [aula-virtual] [http-nio-8085-exec-1] o.s.s.w.a.logout.LogoutFilter            : Did not match request to Or [Ant [pattern='/logout', GET], Ant [pattern='/logout', POST], Ant [pattern='/logout', PUT], Ant [pattern='/logout', DELETE]]
2024-05-22T08:06:04.819+01:00 TRACE 14540 --- [aula-virtual] [http-nio-8085-exec-6] o.s.s.w.a.logout.LogoutFilter            : Did not match request to Or [Ant [pattern='/logout', GET], Ant [pattern='/logout', POST], Ant [pattern='/logout', PUT], Ant [pattern='/logout', DELETE]]
2024-05-22T08:06:04.819+01:00 TRACE 14540 --- [aula-virtual] [http-nio-8085-exec-9] o.s.s.w.a.logout.LogoutFilter            : Did not match request to Or [Ant [pattern='/logout', GET], Ant [pattern='/logout', POST], Ant [pattern='/logout', PUT], Ant [pattern='/logout', DELETE]]
2024-05-22T08:06:04.819+01:00 TRACE 14540 --- [aula-virtual] [http-nio-8085-exec-1] o.s.security.web.FilterChainProxy        : Invoking BearerTokenAuthenticationFilter (6/12)
2024-05-22T08:06:04.820+01:00 TRACE 14540 --- [aula-virtual] [http-nio-8085-exec-6] o.s.security.web.FilterChainProxy        : Invoking BearerTokenAuthenticationFilter (6/12)
2024-05-22T08:06:04.820+01:00 TRACE 14540 --- [aula-virtual] [http-nio-8085-exec-9] o.s.security.web.FilterChainProxy        : Invoking BearerTokenAuthenticationFilter (6/12)
2024-05-22T08:06:04.826+01:00 TRACE 14540 --- [aula-virtual] [http-nio-8085-exec-6] .s.r.w.a.BearerTokenAuthenticationFilter : Did not process request since did not find bearer token
2024-05-22T08:06:04.826+01:00 TRACE 14540 --- [aula-virtual] [http-nio-8085-exec-9] .s.r.w.a.BearerTokenAuthenticationFilter : Did not process request since did not find bearer token
2024-05-22T08:06:04.826+01:00 TRACE 14540 --- [aula-virtual] [http-nio-8085-exec-1] .s.r.w.a.BearerTokenAuthenticationFilter : Did not process request since did not find bearer token
2024-05-22T08:06:04.826+01:00 TRACE 14540 --- [aula-virtual] [http-nio-8085-exec-6] o.s.security.web.FilterChainProxy        : Invoking RequestCacheAwareFilter (7/12)
2024-05-22T08:06:04.826+01:00 TRACE 14540 --- [aula-virtual] [http-nio-8085-exec-9] o.s.security.web.FilterChainProxy        : Invoking RequestCacheAwareFilter (7/12)
2024-05-22T08:06:04.828+01:00 TRACE 14540 --- [aula-virtual] [http-nio-8085-exec-6] o.s.security.web.FilterChainProxy        : Invoking SecurityContextHolderAwareRequestFilter (8/12)
2024-05-22T08:06:04.828+01:00 TRACE 14540 --- [aula-virtual] [http-nio-8085-exec-1] o.s.security.web.FilterChainProxy        : Invoking RequestCacheAwareFilter (7/12)
2024-05-22T08:06:04.828+01:00 TRACE 14540 --- [aula-virtual] [http-nio-8085-exec-9] o.s.security.web.FilterChainProxy        : Invoking SecurityContextHolderAwareRequestFilter (8/12)
2024-05-22T08:06:04.828+01:00 TRACE 14540 --- [aula-virtual] [http-nio-8085-exec-1] o.s.security.web.FilterChainProxy        : Invoking SecurityContextHolderAwareRequestFilter (8/12)
2024-05-22T08:06:04.829+01:00 TRACE 14540 --- [aula-virtual] [http-nio-8085-exec-9] o.s.security.web.FilterChainProxy        : Invoking AnonymousAuthenticationFilter (9/12)
2024-05-22T08:06:04.829+01:00 TRACE 14540 --- [aula-virtual] [http-nio-8085-exec-9] o.s.security.web.FilterChainProxy        : Invoking SessionManagementFilter (10/12)
2024-05-22T08:06:04.829+01:00 TRACE 14540 --- [aula-virtual] [http-nio-8085-exec-1] o.s.security.web.FilterChainProxy        : Invoking AnonymousAuthenticationFilter (9/12)
2024-05-22T08:06:04.829+01:00 TRACE 14540 --- [aula-virtual] [http-nio-8085-exec-6] o.s.security.web.FilterChainProxy        : Invoking AnonymousAuthenticationFilter (9/12)
2024-05-22T08:06:04.830+01:00 TRACE 14540 --- [aula-virtual] [http-nio-8085-exec-1] o.s.security.web.FilterChainProxy        : Invoking SessionManagementFilter (10/12)
2024-05-22T08:06:04.832+01:00 TRACE 14540 --- [aula-virtual] [http-nio-8085-exec-6] o.s.security.web.FilterChainProxy        : Invoking SessionManagementFilter (10/12)
2024-05-22T08:06:04.832+01:00 TRACE 14540 --- [aula-virtual] [http-nio-8085-exec-9] .s.s.w.c.SupplierDeferredSecurityContext : Created SecurityContextImpl [Null authentication]
2024-05-22T08:06:04.833+01:00 TRACE 14540 --- [aula-virtual] [http-nio-8085-exec-6] .s.s.w.c.SupplierDeferredSecurityContext : Created SecurityContextImpl [Null authentication]
2024-05-22T08:06:04.833+01:00 TRACE 14540 --- [aula-virtual] [http-nio-8085-exec-9] o.s.s.w.a.AnonymousAuthenticationFilter  : Set SecurityContextHolder to AnonymousAuthenticationToken [Principal=anonymousUser, Credentials=[PROTECTED], Authenticated=true, Details=WebAuthenticationDetails [RemoteIpAddress=127.0.0.1, SessionId=null], Granted Authorities=[ROLE_ANONYMOUS]]
2024-05-22T08:06:04.833+01:00 TRACE 14540 --- [aula-virtual] [http-nio-8085-exec-6] o.s.s.w.a.AnonymousAuthenticationFilter  : Set SecurityContextHolder to AnonymousAuthenticationToken [Principal=anonymousUser, Credentials=[PROTECTED], Authenticated=true, Details=WebAuthenticationDetails [RemoteIpAddress=127.0.0.1, SessionId=null], Granted Authorities=[ROLE_ANONYMOUS]]
2024-05-22T08:06:04.834+01:00 TRACE 14540 --- [aula-virtual] [http-nio-8085-exec-9] o.s.security.web.FilterChainProxy        : Invoking ExceptionTranslationFilter (11/12)
2024-05-22T08:06:04.834+01:00 TRACE 14540 --- [aula-virtual] [http-nio-8085-exec-6] o.s.security.web.FilterChainProxy        : Invoking ExceptionTranslationFilter (11/12)
2024-05-22T08:06:04.834+01:00 TRACE 14540 --- [aula-virtual] [http-nio-8085-exec-6] o.s.security.web.FilterChainProxy        : Invoking AuthorizationFilter (12/12)
2024-05-22T08:06:04.834+01:00 TRACE 14540 --- [aula-virtual] [http-nio-8085-exec-9] o.s.security.web.FilterChainProxy        : Invoking AuthorizationFilter (12/12)
2024-05-22T08:06:04.832+01:00 TRACE 14540 --- [aula-virtual] [http-nio-8085-exec-1] .s.s.w.c.SupplierDeferredSecurityContext : Created SecurityContextImpl [Null authentication]
2024-05-22T08:06:04.835+01:00 TRACE 14540 --- [aula-virtual] [http-nio-8085-exec-6] estMatcherDelegatingAuthorizationManager : Authorizing SecurityContextHolderAwareRequestWrapper[ org.springframework.security.web.header.HeaderWriterFilter$HeaderWriterRequest@97613b7]
2024-05-22T08:06:04.835+01:00 TRACE 14540 --- [aula-virtual] [http-nio-8085-exec-1] o.s.s.w.a.AnonymousAuthenticationFilter  : Set SecurityContextHolder to AnonymousAuthenticationToken [Principal=anonymousUser, Credentials=[PROTECTED], Authenticated=true, Details=WebAuthenticationDetails [RemoteIpAddress=127.0.0.1, SessionId=null], Granted Authorities=[ROLE_ANONYMOUS]]
2024-05-22T08:06:04.836+01:00 TRACE 14540 --- [aula-virtual] [http-nio-8085-exec-9] estMatcherDelegatingAuthorizationManager : Authorizing SecurityContextHolderAwareRequestWrapper[ org.springframework.security.web.header.HeaderWriterFilter$HeaderWriterRequest@55361fdf]
2024-05-22T08:06:04.836+01:00 TRACE 14540 --- [aula-virtual] [http-nio-8085-exec-1] o.s.security.web.FilterChainProxy        : Invoking ExceptionTranslationFilter (11/12)
2024-05-22T08:06:04.836+01:00 TRACE 14540 --- [aula-virtual] [http-nio-8085-exec-1] o.s.security.web.FilterChainProxy        : Invoking AuthorizationFilter (12/12)
2024-05-22T08:06:04.836+01:00 TRACE 14540 --- [aula-virtual] [http-nio-8085-exec-6] estMatcherDelegatingAuthorizationManager : Checking authorization on SecurityContextHolderAwareRequestWrapper[ org.springframework.security.web.header.HeaderWriterFilter$HeaderWriterRequest@97613b7] using org.springframework.security.config.annotation.web.configurers.AuthorizeHttpRequestsConfigurer$$Lambda/0x0000018d10a4d7d8@600d1f96
2024-05-22T08:06:04.836+01:00 TRACE 14540 --- [aula-virtual] [http-nio-8085-exec-9] estMatcherDelegatingAuthorizationManager : Checking authorization on SecurityContextHolderAwareRequestWrapper[ org.springframework.security.web.header.HeaderWriterFilter$HeaderWriterRequest@55361fdf] using org.springframework.security.config.annotation.web.configurers.AuthorizeHttpRequestsConfigurer$$Lambda/0x0000018d10a4d7d8@600d1f96
2024-05-22T08:06:04.837+01:00 TRACE 14540 --- [aula-virtual] [http-nio-8085-exec-1] estMatcherDelegatingAuthorizationManager : Authorizing SecurityContextHolderAwareRequestWrapper[ org.springframework.security.web.header.HeaderWriterFilter$HeaderWriterRequest@3ef546ea]
2024-05-22T08:06:04.838+01:00 TRACE 14540 --- [aula-virtual] [http-nio-8085-exec-1] estMatcherDelegatingAuthorizationManager : Checking authorization on SecurityContextHolderAwareRequestWrapper[ org.springframework.security.web.header.HeaderWriterFilter$HeaderWriterRequest@3ef546ea] using org.springframework.security.config.annotation.web.configurers.AuthorizeHttpRequestsConfigurer$$Lambda/0x0000018d10a4d7d8@600d1f96
2024-05-22T08:06:04.839+01:00 DEBUG 14540 --- [aula-virtual] [http-nio-8085-exec-6] o.s.security.web.FilterChainProxy        : Secured GET /api/v1/users/file/undefined
2024-05-22T08:06:04.839+01:00 DEBUG 14540 --- [aula-virtual] [http-nio-8085-exec-9] o.s.security.web.FilterChainProxy        : Secured GET /api/v1/courses/pages?page=0
2024-05-22T08:06:04.839+01:00 DEBUG 14540 --- [aula-virtual] [http-nio-8085-exec-1] o.s.security.web.FilterChainProxy        : Secured GET /api/v1/courses/pages?page=0
2024-05-22T08:06:04.959+01:00 TRACE 14540 --- [aula-virtual] [http-nio-8085-exec-9] o.s.s.w.header.writers.HstsHeaderWriter  : Not injecting HSTS header since it did not match request to [Is Secure]
2024-05-22T08:06:04.959+01:00 TRACE 14540 --- [aula-virtual] [http-nio-8085-exec-6] o.s.s.w.header.writers.HstsHeaderWriter  : Not injecting HSTS header since it did not match request to [Is Secure]
2024-05-22T08:06:04.959+01:00 TRACE 14540 --- [aula-virtual] [http-nio-8085-exec-1] o.s.s.w.header.writers.HstsHeaderWriter  : Not injecting HSTS header since it did not match request to [Is Secure]
2024-05-22T08:06:05.032+01:00 TRACE 14540 --- [aula-virtual] [http-nio-8085-exec-8] o.s.security.web.FilterChainProxy        : Trying to match request against DefaultSecurityFilterChain [RequestMatcher=any request, Filters=[org.springframework.security.web.session.DisableEncodeUrlFilter@2d4777fd, org.springframework.security.web.context.request.async.WebAsyncManagerIntegrationFilter@5439061, org.springframework.security.web.context.SecurityContextHolderFilter@2389199b, org.springframework.security.web.header.HeaderWriterFilter@437e1b18, org.springframework.security.web.authentication.logout.LogoutFilter@4c215148, org.springframework.security.oauth2.server.resource.web.authentication.BearerTokenAuthenticationFilter@7d7e8f9b, org.springframework.security.web.savedrequest.RequestCacheAwareFilter@5083760c, org.springframework.security.web.servletapi.SecurityContextHolderAwareRequestFilter@2a010068, org.springframework.security.web.authentication.AnonymousAuthenticationFilter@1003bb8a, org.springframework.security.web.session.SessionManagementFilter@17425d9b, org.springframework.security.web.access.ExceptionTranslationFilter@70faef7, org.springframework.security.web.access.intercept.AuthorizationFilter@2debd2db]] (1/1)
2024-05-22T08:06:05.032+01:00 DEBUG 14540 --- [aula-virtual] [http-nio-8085-exec-8] o.s.security.web.FilterChainProxy        : Securing GET /api/v1/courses/pages?page=0
2024-05-22T08:06:05.032+01:00 TRACE 14540 --- [aula-virtual] [http-nio-8085-exec-8] o.s.security.web.FilterChainProxy        : Invoking DisableEncodeUrlFilter (1/12)
2024-05-22T08:06:05.033+01:00 TRACE 14540 --- [aula-virtual] [http-nio-8085-exec-8] o.s.security.web.FilterChainProxy        : Invoking WebAsyncManagerIntegrationFilter (2/12)
2024-05-22T08:06:05.033+01:00 TRACE 14540 --- [aula-virtual] [http-nio-8085-exec-8] o.s.security.web.FilterChainProxy        : Invoking SecurityContextHolderFilter (3/12)
2024-05-22T08:06:05.033+01:00 TRACE 14540 --- [aula-virtual] [http-nio-8085-exec-8] o.s.security.web.FilterChainProxy        : Invoking HeaderWriterFilter (4/12)
2024-05-22T08:06:05.033+01:00 TRACE 14540 --- [aula-virtual] [http-nio-8085-exec-8] o.s.security.web.FilterChainProxy        : Invoking LogoutFilter (5/12)
2024-05-22T08:06:05.034+01:00 TRACE 14540 --- [aula-virtual] [http-nio-8085-exec-8] o.s.s.w.a.logout.LogoutFilter            : Did not match request to Or [Ant [pattern='/logout', GET], Ant [pattern='/logout', POST], Ant [pattern='/logout', PUT], Ant [pattern='/logout', DELETE]]
2024-05-22T08:06:05.035+01:00 TRACE 14540 --- [aula-virtual] [http-nio-8085-exec-8] o.s.security.web.FilterChainProxy        : Invoking BearerTokenAuthenticationFilter (6/12)
2024-05-22T08:06:05.035+01:00 TRACE 14540 --- [aula-virtual] [http-nio-8085-exec-8] .s.r.w.a.BearerTokenAuthenticationFilter : Did not process request since did not find bearer token
2024-05-22T08:06:05.036+01:00 TRACE 14540 --- [aula-virtual] [http-nio-8085-exec-8] o.s.security.web.FilterChainProxy        : Invoking RequestCacheAwareFilter (7/12)
2024-05-22T08:06:05.036+01:00 TRACE 14540 --- [aula-virtual] [http-nio-8085-exec-8] o.s.security.web.FilterChainProxy        : Invoking SecurityContextHolderAwareRequestFilter (8/12)
2024-05-22T08:06:05.036+01:00 TRACE 14540 --- [aula-virtual] [http-nio-8085-exec-8] o.s.security.web.FilterChainProxy        : Invoking AnonymousAuthenticationFilter (9/12)
2024-05-22T08:06:05.036+01:00 TRACE 14540 --- [aula-virtual] [http-nio-8085-exec-8] o.s.security.web.FilterChainProxy        : Invoking SessionManagementFilter (10/12)
2024-05-22T08:06:05.036+01:00 TRACE 14540 --- [aula-virtual] [http-nio-8085-exec-8] .s.s.w.c.SupplierDeferredSecurityContext : Created SecurityContextImpl [Null authentication]
2024-05-22T08:06:05.037+01:00 TRACE 14540 --- [aula-virtual] [http-nio-8085-exec-8] o.s.s.w.a.AnonymousAuthenticationFilter  : Set SecurityContextHolder to AnonymousAuthenticationToken [Principal=anonymousUser, Credentials=[PROTECTED], Authenticated=true, Details=WebAuthenticationDetails [RemoteIpAddress=127.0.0.1, SessionId=null], Granted Authorities=[ROLE_ANONYMOUS]]
2024-05-22T08:06:05.037+01:00 TRACE 14540 --- [aula-virtual] [http-nio-8085-exec-5] o.s.security.web.FilterChainProxy        : Trying to match request against DefaultSecurityFilterChain [RequestMatcher=any request, Filters=[org.springframework.security.web.session.DisableEncodeUrlFilter@2d4777fd, org.springframework.security.web.context.request.async.WebAsyncManagerIntegrationFilter@5439061, org.springframework.security.web.context.SecurityContextHolderFilter@2389199b, org.springframework.security.web.header.HeaderWriterFilter@437e1b18, org.springframework.security.web.authentication.logout.LogoutFilter@4c215148, org.springframework.security.oauth2.server.resource.web.authentication.BearerTokenAuthenticationFilter@7d7e8f9b, org.springframework.security.web.savedrequest.RequestCacheAwareFilter@5083760c, org.springframework.security.web.servletapi.SecurityContextHolderAwareRequestFilter@2a010068, org.springframework.security.web.authentication.AnonymousAuthenticationFilter@1003bb8a, org.springframework.security.web.session.SessionManagementFilter@17425d9b, org.springframework.security.web.access.ExceptionTranslationFilter@70faef7, org.springframework.security.web.access.intercept.AuthorizationFilter@2debd2db]] (1/1)
2024-05-22T08:06:05.037+01:00 TRACE 14540 --- [aula-virtual] [http-nio-8085-exec-8] o.s.security.web.FilterChainProxy        : Invoking ExceptionTranslationFilter (11/12)
2024-05-22T08:06:05.037+01:00 DEBUG 14540 --- [aula-virtual] [http-nio-8085-exec-5] o.s.security.web.FilterChainProxy        : Securing GET /api/v1/courses/pages?page=0
2024-05-22T08:06:05.037+01:00 TRACE 14540 --- [aula-virtual] [http-nio-8085-exec-8] o.s.security.web.FilterChainProxy        : Invoking AuthorizationFilter (12/12)
2024-05-22T08:06:05.037+01:00 TRACE 14540 --- [aula-virtual] [http-nio-8085-exec-5] o.s.security.web.FilterChainProxy        : Invoking DisableEncodeUrlFilter (1/12)
2024-05-22T08:06:05.037+01:00 TRACE 14540 --- [aula-virtual] [http-nio-8085-exec-8] estMatcherDelegatingAuthorizationManager : Authorizing SecurityContextHolderAwareRequestWrapper[ org.springframework.security.web.header.HeaderWriterFilter$HeaderWriterRequest@29875c77]
2024-05-22T08:06:05.037+01:00 TRACE 14540 --- [aula-virtual] [http-nio-8085-exec-5] o.s.security.web.FilterChainProxy        : Invoking WebAsyncManagerIntegrationFilter (2/12)
2024-05-22T08:06:05.038+01:00 TRACE 14540 --- [aula-virtual] [http-nio-8085-exec-5] o.s.security.web.FilterChainProxy        : Invoking SecurityContextHolderFilter (3/12)
2024-05-22T08:06:05.038+01:00 TRACE 14540 --- [aula-virtual] [http-nio-8085-exec-5] o.s.security.web.FilterChainProxy        : Invoking HeaderWriterFilter (4/12)
2024-05-22T08:06:05.038+01:00 TRACE 14540 --- [aula-virtual] [http-nio-8085-exec-8] estMatcherDelegatingAuthorizationManager : Checking authorization on SecurityContextHolderAwareRequestWrapper[ org.springframework.security.web.header.HeaderWriterFilter$HeaderWriterRequest@29875c77] using org.springframework.security.config.annotation.web.configurers.AuthorizeHttpRequestsConfigurer$$Lambda/0x0000018d10a4d7d8@600d1f96
2024-05-22T08:06:05.038+01:00 TRACE 14540 --- [aula-virtual] [http-nio-8085-exec-5] o.s.security.web.FilterChainProxy        : Invoking LogoutFilter (5/12)
2024-05-22T08:06:05.039+01:00 DEBUG 14540 --- [aula-virtual] [http-nio-8085-exec-8] o.s.security.web.FilterChainProxy        : Secured GET /api/v1/courses/pages?page=0
2024-05-22T08:06:05.074+01:00 TRACE 14540 --- [aula-virtual] [http-nio-8085-exec-5] o.s.s.w.a.logout.LogoutFilter            : Did not match request to Or [Ant [pattern='/logout', GET], Ant [pattern='/logout', POST], Ant [pattern='/logout', PUT], Ant [pattern='/logout', DELETE]]
2024-05-22T08:06:05.074+01:00 TRACE 14540 --- [aula-virtual] [http-nio-8085-exec-5] o.s.security.web.FilterChainProxy        : Invoking BearerTokenAuthenticationFilter (6/12)
2024-05-22T08:06:05.075+01:00 TRACE 14540 --- [aula-virtual] [http-nio-8085-exec-5] .s.r.w.a.BearerTokenAuthenticationFilter : Did not process request since did not find bearer token
2024-05-22T08:06:05.075+01:00 TRACE 14540 --- [aula-virtual] [http-nio-8085-exec-5] o.s.security.web.FilterChainProxy        : Invoking RequestCacheAwareFilter (7/12)
2024-05-22T08:06:05.075+01:00 TRACE 14540 --- [aula-virtual] [http-nio-8085-exec-5] o.s.security.web.FilterChainProxy        : Invoking SecurityContextHolderAwareRequestFilter (8/12)
2024-05-22T08:06:05.075+01:00 TRACE 14540 --- [aula-virtual] [http-nio-8085-exec-5] o.s.security.web.FilterChainProxy        : Invoking AnonymousAuthenticationFilter (9/12)
2024-05-22T08:06:05.076+01:00 TRACE 14540 --- [aula-virtual] [http-nio-8085-exec-5] o.s.security.web.FilterChainProxy        : Invoking SessionManagementFilter (10/12)
2024-05-22T08:06:05.076+01:00 TRACE 14540 --- [aula-virtual] [http-nio-8085-exec-8] o.s.s.w.header.writers.HstsHeaderWriter  : Not injecting HSTS header since it did not match request to [Is Secure]
2024-05-22T08:06:05.076+01:00 TRACE 14540 --- [aula-virtual] [http-nio-8085-exec-5] .s.s.w.c.SupplierDeferredSecurityContext : Created SecurityContextImpl [Null authentication]
2024-05-22T08:06:05.076+01:00 TRACE 14540 --- [aula-virtual] [http-nio-8085-exec-5] o.s.s.w.a.AnonymousAuthenticationFilter  : Set SecurityContextHolder to AnonymousAuthenticationToken [Principal=anonymousUser, Credentials=[PROTECTED], Authenticated=true, Details=WebAuthenticationDetails [RemoteIpAddress=127.0.0.1, SessionId=null], Granted Authorities=[ROLE_ANONYMOUS]]
2024-05-22T08:06:05.076+01:00 TRACE 14540 --- [aula-virtual] [http-nio-8085-exec-5] o.s.security.web.FilterChainProxy        : Invoking ExceptionTranslationFilter (11/12)
2024-05-22T08:06:05.077+01:00 TRACE 14540 --- [aula-virtual] [http-nio-8085-exec-5] o.s.security.web.FilterChainProxy        : Invoking AuthorizationFilter (12/12)
2024-05-22T08:06:05.080+01:00 TRACE 14540 --- [aula-virtual] [http-nio-8085-exec-5] estMatcherDelegatingAuthorizationManager : Authorizing SecurityContextHolderAwareRequestWrapper[ org.springframework.security.web.header.HeaderWriterFilter$HeaderWriterRequest@245cf399]
2024-05-22T08:06:05.081+01:00 TRACE 14540 --- [aula-virtual] [http-nio-8085-exec-5] estMatcherDelegatingAuthorizationManager : Checking authorization on SecurityContextHolderAwareRequestWrapper[ org.springframework.security.web.header.HeaderWriterFilter$HeaderWriterRequest@245cf399] using org.springframework.security.config.annotation.web.configurers.AuthorizeHttpRequestsConfigurer$$Lambda/0x0000018d10a4d7d8@600d1f96
2024-05-22T08:06:05.082+01:00 DEBUG 14540 --- [aula-virtual] [http-nio-8085-exec-5] o.s.security.web.FilterChainProxy        : Secured GET /api/v1/courses/pages?page=0
2024-05-22T08:06:05.122+01:00 TRACE 14540 --- [aula-virtual] [http-nio-8085-exec-5] o.s.s.w.header.writers.HstsHeaderWriter  : Not injecting HSTS header since it did not match request to [Is Secure]
